Resource Usage Report
Part: lav_at_e70es1lfg676c-1


Register bits: 5501 of 397440 (1%)
I/O cells:       1176

Details:
CCU2C:          592
DPR16X4A:       39
DPR32X2:        57
FD1P3BX:        51
FD1P3DX:        5028
FD1P3IX:        421
GSRA:           1
IB:             148
IFD1P3BX:       1
INV:            25
LUT4:           10620
OB:             1028
PDPSC32K:       42
SP16KA:         1
SPR32X2:        4
VHI:            154
VLO:            154
WIDEFN9:        1728
MULT18X18A:     2
MULTADDSUB18X18A: 2

Resource Usage inside macros:
Registers: 0
LUTs: 0
EBRs: 0
DSPs: 0
Distributed RAMs: 0
Carry Chains: 0
Blackboxes: 0

Mapping Summary:
Total number of registers: 5501 + 0 = 5501 of 397440 (1.38%)
Total number of LUTs: 10620 + 0 = 10620 
Total number of EBRs: 43 + 0 = 43 of 990 (4.34%)
Total number of DSPs: 4 + 0 = 4 of 1800 (0.22%)
Total number of Distributed RAMs: 100 + 0 = 100 
Total number of Carry Chains: 592 + 0 = 592 
Total number of BlackBoxes: 309 + 0 = 309 
