
Copyright (C) 1994-2023 Synopsys, Inc.
This Synopsys software and all associated documentation are proprietary to Synopsys, Inc.
and may only be used pursuant to the terms and conditions of a written license agreement
with Synopsys, Inc. All other use, reproduction, modification, or distribution of the
Synopsys software or the associated documentation is strictly prohibited.
Tool: Synplify Pro (R)
Build: V-2023.09LR-1
Install: /home/anonymous/lscc/radiant/2024.1/synpbase
OS: Ubuntu 22.04.4 LTS
Hostname: anonymous
max virtual memory: unlimited (bytes)
max user processes: 143858
max stack size: 8388608 (bytes)


Implementation : impl_1

# Written on Wed Nov 27 11:06:34 2024

##### DESIGN INFO #######################################################

Top View:                "cva6_avant"
Constraint File(s):      "/home/anonymous/lscc/radiant/2024.1/scripts/tcl/flow/radiant_synplify_vars.tcl"




##### SUMMARY ############################################################

Found 0 issues in 0 out of 0 constraints


##### DETAILS ############################################################



Clock Relationships
*******************

Starting           Ending             |     rise to rise     |     fall to fall     |     rise to fall     |     fall to rise                     
-------------------------------------------------------------------------------------------------------------------------------------------------
cva6_avant|tck     cva6_avant|tck     |     5.000            |     No paths         |     2.500            |     No paths                         
=================================================================================================================================================
 Note: 'No paths' indicates there are no paths in the design for that pair of clock edges.
       'Diff grp' indicates that paths exist but the starting clock and ending clock are in different clock groups.


Unconstrained Start/End Points
******************************

p:clk_sys
p:cpu_reset
p:rx
p:tdi
p:tdo
p:tms
p:trst_n
p:tx


Inapplicable constraints
************************

(none)


Applicable constraints with issues
**********************************

(none)


Constraints with matching wildcard expressions
**********************************************

(none)


Library Report
**************


# End of Constraint Checker Report

