Resource Usage Report
Part: lav_at_e70es1lfg676c-1


Register bits: 787 of 397440 (0%)
I/O cells:       421

Details:
CCU2C:          94
DPR16X4A:       5
FD1P3BX:        19
FD1P3DX:        745
FD1P3IX:        16
GSRA:           1
IB:             45
IFD1P3BX:       1
IFD1P3DX:       6
INV:            45
LUT4:           1290
OB:             376
PDPSC32K:       4
VHI:            60
VLO:            60
WIDEFN9:        40

Resource Usage inside macros:
Registers: 0
LUTs: 0
EBRs: 0
DSPs: 0
Distributed RAMs: 0
Carry Chains: 0
Blackboxes: 0

Mapping Summary:
Total number of registers: 787 + 0 = 787 of 397440 (0.20%)
Total number of LUTs: 1290 + 0 = 1290 
Total number of EBRs: 4 + 0 = 4 of 990 (0.40%)
Total number of DSPs: 0 + 0 = 0 of 1800 (0.00%)
Total number of Distributed RAMs: 5 + 0 = 5 
Total number of Carry Chains: 94 + 0 = 94 
Total number of BlackBoxes: 121 + 0 = 121 
